<?xml version="1.0" encoding="UTF-8"?>
<testng-results skipped="0" failed="0" total="1" passed="1">
  <reporter-output>
  </reporter-output>
  <suite name="com.sample.tests.AmazonHomePageTest" duration-ms="8314" started-at="2016-02-15T02:21:37Z" finished-at="2016-02-15T02:21:45Z">
    <groups>
    </groups>
    <test name="Command line test" duration-ms="8314" started-at="2016-02-15T02:21:37Z" finished-at="2016-02-15T02:21:45Z">
      <class name="com.sample.tests.AmazonHomePageTest">
        <test-method status="PASS" signature="startUp()[pri:0, instance:com.sample.tests.AmazonHomePageTest@78d59861]" name="startUp" is-config="true" duration-ms="4418" started-at="2016-02-14T21:21:37Z" finished-at="2016-02-14T21:21:42Z">
          <reporter-output>
          </reporter-output>
        </test-method> <!-- startUp -->
        <test-method status="PASS" signature="verifyLinksPresentOnHomePage()[pri:0, instance:com.sample.tests.AmazonHomePageTest@78d59861]" name="verifyLinksPresentOnHomePage" duration-ms="3626" started-at="2016-02-14T21:21:42Z" finished-at="2016-02-14T21:21:45Z">
          <reporter-output>
          </reporter-output>
        </test-method> <!-- verifyLinksPresentOnHomePage -->
        <test-method status="PASS" signature="tearDown()[pri:0, instance:com.sample.tests.AmazonHomePageTest@78d59861]" name="tearDown" is-config="true" duration-ms="249" started-at="2016-02-14T21:21:45Z" finished-at="2016-02-14T21:21:45Z">
          <reporter-output>
          </reporter-output>
        </test-method> <!-- tearDown -->
      </class> <!-- com.sample.tests.AmazonHomePageTest -->
    </test> <!-- Command line test -->
  </suite> <!-- com.sample.tests.AmazonHomePageTest -->
</testng-results>
